Unity Editor version:    2020.3.25f1 (9b9180224418)
Branch:                  2020.3/staging
Build type:              Release
Batch mode:              YES
macOS version:           Version 10.13.6 (Build 17G14033)
Darwin version:          17.7.0
Architecture:            x86_64
Running under Rosetta:   NO
Available memory:        8192 MB
Using pre-set license
Pro License: NO

COMMAND LINE ARGUMENTS:
/Applications/Unity/Hub/Editor/2020.3.25f1/Unity/Unity.app/Contents/MacOS/Unity
-adb2
-batchMode
-noUpm
-name
AssetImportWorker0
-projectPath
/Users/fedorksenofontov/Documents/GitHub/JWhub/JW Game Beta
-logFile
Logs/AssetImportWorker0.log
-srvPort
52630
Successfully changed project path to: /Users/fedorksenofontov/Documents/GitHub/JWhub/JW Game Beta
/Users/fedorksenofontov/Documents/GitHub/JWhub/JW Game Beta
Using Asset Import Pipeline V2.
Refreshing native plugins compatible for Editor in 126.25 ms, found 3 plugins.
Preloading 0 native plugins for Editor in 0.00 ms.
Initialize engine version: 2020.3.25f1 (9b9180224418)
[Subsystems] Discovering subsystems at path /Applications/Unity/Hub/Editor/2020.3.25f1/Unity/Unity.app/Contents/Resources/UnitySubsystems
[Subsystems] Discovering subsystems at path /Users/fedorksenofontov/Documents/GitHub/JWhub/JW Game Beta/Assets
GfxDevice: creating device client; threaded=0
Renderer: Intel HD Graphics 3000 OpenGL Engine
Vendor:   Intel Inc.
Version:  3.3 INTEL-10.4.14
GLES:     0
 GL_ARB_blend_func_extended GL_ARB_ES2_compatibility GL_ARB_explicit_attrib_location GL_ARB_instanced_arrays GL_ARB_internalformat_query GL_ARB_occlusion_query2 GL_ARB_sampler_objects GL_ARB_separate_shader_objects GL_ARB_shader_bit_encoding GL_ARB_shading_language_include GL_ARB_texture_rgb10_a2ui GL_ARB_texture_storage GL_ARB_texture_swizzle GL_ARB_timer_query GL_ARB_vertex_type_2_10_10_10_rev GL_EXT_debug_label GL_EXT_debug_marker GL_EXT_texture_compression_s3tc GL_EXT_texture_filter_anisotropic GL_EXT_texture_sRGB_decode GL_APPLE_client_storage GL_APPLE_container_object_shareable GL_APPLE_flush_render GL_APPLE_object_purgeable GL_APPLE_rgb_422 GL_APPLE_row_bytes GL_APPLE_texture_range GL_ATI_texture_mirror_once GL_NV_texture_barrier
OPENGL LOG: Creating OpenGL 3.3 graphics device ; Context level  <OpenGL 3.3> ; Context handle -1828234240
Initialize mono
Mono path[0] = '/Applications/Unity/Hub/Editor/2020.3.25f1/Unity/Unity.app/Contents/Managed'
Mono path[1] = '/Applications/Unity/Hub/Editor/2020.3.25f1/Unity/Unity.app/Contents/MonoBleedingEdge/lib/mono/unityjit'
Mono config path = '/Applications/Unity/Hub/Editor/2020.3.25f1/Unity/Unity.app/Contents/MonoBleedingEdge/etc'
Using monoOptions --debugger-agent=transport=dt_socket,embedding=1,server=y,suspend=n,address=127.0.0.1:56070
Begin MonoManager ReloadAssembly
Registering precompiled unity dll's ...
Register platform support module: /Applications/Unity/Hub/Editor/2020.3.25f1/Unity/Unity.app/Contents/PlaybackEngines/MacStandaloneSupport/UnityEditor.OSXStandalone.Extensions.dll
Registered in 0.000857 seconds.
Native extension for OSXStandalone target not found
Refreshing native plugins compatible for Editor in 87.19 ms, found 3 plugins.
Preloading 0 native plugins for Editor in 0.00 ms.
Mono: successfully reloaded assembly
- Completed reload, in  1.196 seconds
Domain Reload Profiling:
	ReloadAssembly (1196ms)
		BeginReloadAssembly (80ms)
			ExecutionOrderSort (0ms)
			DisableScriptedObjects (0ms)
			BackupInstance (0ms)
			ReleaseScriptingObjects (0ms)
			CreateAndSetChildDomain (2ms)
		EndReloadAssembly (968ms)
			LoadAssemblies (78ms)
			RebuildTransferFunctionScriptingTraits (0ms)
			SetupTypeCache (373ms)
			ReleaseScriptCaches (0ms)
			RebuildScriptCaches (69ms)
			SetupLoadedEditorAssemblies (369ms)
				LogAssemblyErrors (0ms)
				InitializePlatformSupportModulesInManaged (8ms)
				SetLoadedEditorAssemblies (0ms)
				RefreshPlugins (87ms)
				BeforeProcessingInitializeOnLoad (15ms)
				ProcessInitializeOnLoadAttributes (194ms)
				ProcessInitializeOnLoadMethodAttributes (63ms)
				AfterProcessingInitializeOnLoad (0ms)
				EditorAssembliesLoaded (0ms)
			ExecutionOrderSort2 (0ms)
			AwakeInstancesAfterBackupRestoration (0ms)
Platform modules already initialized, skipping
Registering precompiled user dll's ...
Registered in 0.004303 seconds.
Begin MonoManager ReloadAssembly
Native extension for OSXStandalone target not found
Refreshing native plugins compatible for Editor in 105.40 ms, found 3 plugins.
Preloading 0 native plugins for Editor in 0.00 ms.
Mono: successfully reloaded assembly
- Completed reload, in  2.427 seconds
Domain Reload Profiling:
	ReloadAssembly (2428ms)
		BeginReloadAssembly (300ms)
			ExecutionOrderSort (0ms)
			DisableScriptedObjects (9ms)
			BackupInstance (0ms)
			ReleaseScriptingObjects (0ms)
			CreateAndSetChildDomain (54ms)
		EndReloadAssembly (1995ms)
			LoadAssemblies (150ms)
			RebuildTransferFunctionScriptingTraits (0ms)
			SetupTypeCache (788ms)
			ReleaseScriptCaches (1ms)
			RebuildScriptCaches (104ms)
			SetupLoadedEditorAssemblies (706ms)
				LogAssemblyErrors (0ms)
				InitializePlatformSupportModulesInManaged (7ms)
				SetLoadedEditorAssemblies (1ms)
				RefreshPlugins (105ms)
				BeforeProcessingInitializeOnLoad (124ms)
				ProcessInitializeOnLoadAttributes (428ms)
				ProcessInitializeOnLoadMethodAttributes (39ms)
				AfterProcessingInitializeOnLoad (2ms)
				EditorAssembliesLoaded (0ms)
			ExecutionOrderSort2 (0ms)
			AwakeInstancesAfterBackupRestoration (13ms)
Platform modules already initialized, skipping
Validating Project structure ... 0.000345 seconds.
Shader import version has changed; will reimport all shaders...
Upgrading shader files ...0.000268 seconds.
Application.AssetDatabase Initial Script Refresh Start
RefreshInfo: InitialScriptRefreshV2(NoUpdateAssetOptions) scanfilter:  ... 1 filters
RefreshProfiler: Total: 0.000ms
Application.AssetDatabase Initial Script Refresh End
Application.AssetDatabase.Refresh Start
Application.AssetDatabase.Refresh End
RefreshInfo: StopAssetImportingV2(ForceSynchronousImport) scanfilter: 
RefreshProfiler: Total: 0.000ms
Launching external process: /Applications/Unity/Hub/Editor/2020.3.25f1/Unity/Unity.app/Contents/Tools/UnityShaderCompiler
Launched and connected shader compiler UnityShaderCompiler after 0.04 seconds
Initializing Unity extensions:
========================================================================
Worker process is ready to serve import requests
Refreshing native plugins compatible for Editor in 0.74 ms, found 3 plugins.
Preloading 0 native plugins for Editor in 0.00 ms.
Unloading 2195 Unused Serialized files (Serialized files now loaded: 0)
System memory in use before: 192.3 MB.
System memory in use after: 191.7 MB.

Unloading 101 unused Assets to reduce memory usage. Loaded Objects now: 2665.
Total: 5.563038 ms (FindLiveObjects: 0.244311 ms CreateObjectMapping: 0.105452 ms MarkObjects: 4.415560 ms  DeleteObjects: 0.795812 ms)

AssetImportParameters requested are different than current active one (requested -> active):
  custom:video-decoder-ogg-theora: a1e56fd34408186e4bbccfd4996cb3dc -> 
  custom:container-muxer-webm: aa71ff27fc2769a1b78a27578f13a17b -> 
  custom:container-demuxer-webm: 4f35f7cbe854078d1ac9338744f61a02 -> 
  custom:container-demuxer-ogg: 62fdf1f143b41e24485cea50d1cbac27 -> 
  custom:video-encoder-webm-vp8: eb34c28f22e8b96e1ab97ce403110664 -> 
  custom:framework-osx-AVFoundation: b23960f63f64bdc6ff669e2cdcee2391 -> 
  custom:video-decoder-webm-vp8: 9c59270c3fd7afecdb556c50c9e8de78 -> 
  custom:audio-decoder-ogg-vorbis: bf7c407c2cedff20999df2af8eb42d56 -> 
  custom:audio-encoder-webm-vorbis: bf7c407c2cedff20999df2af8eb42d56 -> 
========================================================================
Received Import Request.
  path: Assets/Scenes
  artifactKey: Guid(48595fded9e264945af648a14098e0a7) Importer(815301076,1909f56bfc062723c751e8b465ee728b)
Start importing Assets/Scenes using Guid(48595fded9e264945af648a14098e0a7) Importer(815301076,1909f56bfc062723c751e8b465ee728b)  -> (artifact id: '675e5fa2103172a677564b26a6bab560') in 0.006202 seconds 
  Import took 0.013955 seconds .

========================================================================
Received Import Request.
  Time since last request: 1801.283178 seconds.
  path: Assets
  artifactKey: Guid(00000000000000001000000000000000) Importer(815301076,1909f56bfc062723c751e8b465ee728b)
Start importing Assets using Guid(00000000000000001000000000000000) Importer(815301076,1909f56bfc062723c751e8b465ee728b)  -> (artifact id: '42d402b061de3733987d63b9cc3b64de') in 0.002855 seconds 
  Import took 0.009198 seconds .

========================================================================
Received Import Request.
  Time since last request: 6.077679 seconds.
  path: Assets/Scenes/SampleScene.unity
  artifactKey: Guid(2cda990e2423bbf4892e6590ba056729) Importer(815301076,1909f56bfc062723c751e8b465ee728b)
Start importing Assets/Scenes/SampleScene.unity using Guid(2cda990e2423bbf4892e6590ba056729) Importer(815301076,1909f56bfc062723c751e8b465ee728b)  -> (artifact id: 'aa27944bdea339c97c39027c7eea529c') in 0.021683 seconds 
  Import took 0.026361 seconds .

========================================================================
Received Import Request.
  Time since last request: 8.916956 seconds.
  path: Assets/Scenes/Menu.unity
  artifactKey: Guid(2cda990e2423bbf4892e6590ba056729) Importer(815301076,1909f56bfc062723c751e8b465ee728b)
Start importing Assets/Scenes/Menu.unity using Guid(2cda990e2423bbf4892e6590ba056729) Importer(815301076,1909f56bfc062723c751e8b465ee728b)  -> (artifact id: '6326e52a0cad1187c2211c62044f4e17') in 0.003306 seconds 
  Import took 0.009446 seconds .

========================================================================
Received Import Request.
  Time since last request: 19.499083 seconds.
  path: Assets/Scenes/Tutorial Level.unity
  artifactKey: Guid(15aacf428fab741d9aa2f537b4ebb617) Importer(815301076,1909f56bfc062723c751e8b465ee728b)
Start importing Assets/Scenes/Tutorial Level.unity using Guid(15aacf428fab741d9aa2f537b4ebb617) Importer(815301076,1909f56bfc062723c751e8b465ee728b)  -> (artifact id: '35e6d8060d03ed1c785e3c01912cf3a0') in 0.004253 seconds 
  Import took 0.010383 seconds .

========================================================================
Received Import Request.
  Time since last request: 14.860045 seconds.
  path: Assets/Scenes/Settings.unity
  artifactKey: Guid(293bda5f0965847558a3c11f39b24a24) Importer(815301076,1909f56bfc062723c751e8b465ee728b)
Start importing Assets/Scenes/Settings.unity using Guid(293bda5f0965847558a3c11f39b24a24) Importer(815301076,1909f56bfc062723c751e8b465ee728b)  -> (artifact id: 'ccbb6d12cdc069b5953216049339d544') in 0.005736 seconds 
  Import took 0.012145 seconds .

========================================================================
Received Import Request.
  Time since last request: 11.156145 seconds.
  path: Assets/Scenes/Test.unity
  artifactKey: Guid(102595ec5a7c046e38194e21ad950468) Importer(815301076,1909f56bfc062723c751e8b465ee728b)
Start importing Assets/Scenes/Test.unity using Guid(102595ec5a7c046e38194e21ad950468) Importer(815301076,1909f56bfc062723c751e8b465ee728b)  -> (artifact id: '9d33c8e221cd44dfc8c89cf8018df2c2') in 0.004007 seconds 
  Import took 0.009651 seconds .

========================================================================
Received Import Request.
  Time since last request: 20.989242 seconds.
  path: Assets/Textures
  artifactKey: Guid(b9fd1fee06a354622a3c5fefbb8c2989) Importer(815301076,1909f56bfc062723c751e8b465ee728b)
Start importing Assets/Textures using Guid(b9fd1fee06a354622a3c5fefbb8c2989) Importer(815301076,1909f56bfc062723c751e8b465ee728b)  -> (artifact id: 'dbd60ee29e8ccd7adcbeeb0bcdffa18f') in 0.003455 seconds 
  Import took 0.010204 seconds .

========================================================================
Received Import Request.
  Time since last request: 8.910776 seconds.
  path: Assets/Textures/Images
  artifactKey: Guid(809c8c473bc184197b131a329e15c9d2) Importer(815301076,1909f56bfc062723c751e8b465ee728b)
Start importing Assets/Textures/Images using Guid(809c8c473bc184197b131a329e15c9d2) Importer(815301076,1909f56bfc062723c751e8b465ee728b)  -> (artifact id: '4bfef1e03f54f4975521d484b4f16879') in 0.003039 seconds 
  Import took 0.009599 seconds .

========================================================================
Received Import Request.
  Time since last request: 8.729068 seconds.
  path: Assets/New Scene.unity
  artifactKey: Guid(b5c8561b58afb45a8859c82d51fb5bf5) Importer(815301076,1909f56bfc062723c751e8b465ee728b)
Start importing Assets/New Scene.unity using Guid(b5c8561b58afb45a8859c82d51fb5bf5) Importer(815301076,1909f56bfc062723c751e8b465ee728b)  -> (artifact id: 'c0d2d17fe2d83049e6f4571e60ba3366') in 0.004600 seconds 
  Import took 0.010260 seconds .

========================================================================
Received Import Request.
  Time since last request: 18.840639 seconds.
  path: Assets/Scripts
  artifactKey: Guid(a5afa7830fa264d1fa9356a618730e09) Importer(815301076,1909f56bfc062723c751e8b465ee728b)
Start importing Assets/Scripts using Guid(a5afa7830fa264d1fa9356a618730e09) Importer(815301076,1909f56bfc062723c751e8b465ee728b)  -> (artifact id: '2d6dad2a5ae4ccd08cc7782229505839') in 0.003286 seconds 
  Import took 0.009595 seconds .

========================================================================
Received Import Request.
  Time since last request: 18.695210 seconds.
  path: Assets/Audio
  artifactKey: Guid(82da8d8e9db3748a89e8500cfb56fc30) Importer(815301076,1909f56bfc062723c751e8b465ee728b)
Start importing Assets/Audio using Guid(82da8d8e9db3748a89e8500cfb56fc30) Importer(815301076,1909f56bfc062723c751e8b465ee728b)  -> (artifact id: '7b0e5c5492c2aa18131159ea280dff5e') in 0.003701 seconds 
  Import took 0.011825 seconds .

========================================================================
Received Import Request.
  Time since last request: 33.038828 seconds.
  path: Assets/Test
  artifactKey: Guid(26574b00de6f244249482b592fcad8ad) Importer(815301076,1909f56bfc062723c751e8b465ee728b)
Start importing Assets/Test using Guid(26574b00de6f244249482b592fcad8ad) Importer(815301076,1909f56bfc062723c751e8b465ee728b)  -> (artifact id: '764702f504a59006fc92c3f70ce97839') in 0.002697 seconds 
  Import took 0.009480 seconds .

